<?xml version="1.0" encoding="UTF-8"?>
<!-- Generated by org.testng.reporters.JUnitXMLReporter -->
<testsuite hostname="מנחם" ignored="0" name="Test" tests="27" failures="1" timestamp="2022-05-12T10:31:06 IDT" time="828.321" errors="0">
  <testcase name="tc01_signInWrongDetails" time="16.855" classname="tests.SignInTest"/>
  <testcase name="tc02_signInInvalidMail" time="3.546" classname="tests.SignInTest"/>
  <testcase name="tc03_signInRightDetails" time="6.885" classname="tests.SignInTest"/>
  <testcase name="tc04_tc05_tc06_openCategory" time="21.56" classname="tests.CategoriesTest"/>
  <testcase name="tc04_tc05_tc06_openCategory" time="19.653" classname="tests.CategoriesTest"/>
  <testcase name="tc04_tc05_tc06_openCategory" time="8.029" classname="tests.CategoriesTest"/>
  <testcase name="tc07_toatlProductsInSubCategory" time="9.707" classname="tests.CategoriesTest"/>
  <testcase name="tc08_tc09_tc10_productDetails" time="35.925" classname="tests.ProductDetailsPagesTest"/>
  <testcase name="tc08_tc09_tc10_productDetails" time="21.733" classname="tests.ProductDetailsPagesTest"/>
  <testcase name="tc08_tc09_tc10_productDetails" time="23.658" classname="tests.ProductDetailsPagesTest"/>
  <testcase name="tc11_AddProductFromSearch" time="39.37" classname="tests.SearchAndAddProductsTest"/>
  <testcase name="tc12_tc13_tc14_addNewRegularProduct" time="31.714" classname="tests.SearchAndAddProductsTest"/>
  <testcase name="tc12_tc13_tc14_addNewRegularProduct" time="40.554" classname="tests.SearchAndAddProductsTest"/>
  <testcase name="tc12_tc13_tc14_addNewRegularProduct" time="48.001" classname="tests.SearchAndAddProductsTest"/>
  <testcase name="tc15_addAlreadyExistProduct" time="32.206" classname="tests.SearchAndAddProductsTest">
    <failure type="java.lang.AssertionError" message="expected [2] but found [1]">
      <![CDATA[java.lang.AssertionError: expected [2] but found [1]
at tests.SearchAndAddProductsTest.tc15_addAlreadyExistProduct(SearchAndAddProductsTest.java:92)
at java.util.ArrayList.forEach(ArrayList.java:1257)
... Removed 33 stack frames]]>
    </failure>
  </testcase> <!-- tc15_addAlreadyExistProduct -->
  <testcase name="tc16_addMultipleTypesProduct" time="49.854" classname="tests.SearchAndAddProductsTest"/>
  <testcase name="tc17_addMultipleTypesProduct" time="36.974" classname="tests.SearchAndAddProductsTest"/>
  <testcase name="tc18_updateQuantity" time="28.512" classname="tests.ShoppingListsTest"/>
  <testcase name="tc19_updateIncorrectQuantity" time="10.106" classname="tests.ShoppingListsTest"/>
  <testcase name="tc20_deleteProduct" time="17.509" classname="tests.ShoppingListsTest"/>
  <testcase name="tc21_deleteAllProducts" time="21.537" classname="tests.ShoppingListsTest"/>
  <testcase name="tc22_deleteList" time="11.239" classname="tests.ShoppingListsTest"/>
  <testcase name="tc23_addNewList" time="8.04" classname="tests.ShoppingListsTest"/>
  <testcase name="tc24_tc25_searchStore" time="41.018" classname="tests.SearchStoreTest"/>
  <testcase name="tc24_tc25_searchStore" time="10.972" classname="tests.SearchStoreTest"/>
  <testcase name="tc020_termsOfUse" time="4.098" classname="tests.FooterLinksTest"/>
  <testcase name="tc021_giftCardTermsAndConditions" time="4.418" classname="tests.FooterLinksTest"/>
</testsuite> <!-- Test -->
