<html>
<head>
<title>TestNG:  Test</title>
<link href="../testng.css" rel="stylesheet" type="text/css" />
<link href="../my-testng.css" rel="stylesheet" type="text/css" />

<style type="text/css">
.log { display: none;} 
.stack-trace { display: none;} 
</style>
<script type="text/javascript">
<!--
function flip(e) {
  current = e.style.display;
  if (current == 'block') {
    e.style.display = 'none';
    return 0;
  }
  else {
    e.style.display = 'block';
    return 1;
  }
}

function toggleBox(szDivId, elem, msg1, msg2)
{
  var res = -1;  if (document.getElementById) {
    res = flip(document.getElementById(szDivId));
  }
  else if (document.all) {
    // this is the way old msie versions work
    res = flip(document.all[szDivId]);
  }
  if(elem) {
    if(res == 0) elem.innerHTML = msg1; else elem.innerHTML = msg2;
  }

}

function toggleAllBoxes() {
  if (document.getElementsByTagName) {
    d = document.getElementsByTagName('div');
    for (i = 0; i < d.length; i++) {
      if (d[i].className == 'log') {
        flip(d[i]);
      }
    }
  }
}

// -->
</script>

</head>
<body>
<h2 align='center'>Test</h2><table border='1' align="center">
<tr>
<td>Tests passed/Failed/Skipped:</td><td>26/1/0</td>
</tr><tr>
<td>Started on:</td><td>Thu May 12 10:17:17 IDT 2022</td>
</tr>
<tr><td>Total time:</td><td>828 seconds (828321 ms)</td>
</tr><tr>
<td>Included groups:</td><td></td>
</tr><tr>
<td>Excluded groups:</td><td></td>
</tr>
</table><p/>
<small><i>(Hover the method name to see the test class name)</i></small><p/>
<table width='100%' border='1' class='invocation-failed'>
<tr><td colspan='4' align='center'><b>FAILED TESTS</b></td></tr>
<tr><td><b>Test method</b></td>
<td width="30%"><b>Exception</b></td>
<td width="10%"><b>Time (seconds)</b></td>
<td><b>Instance</b></td>
</tr>
<tr>
<td title='tests.SearchAndAddProductsTest.tc15_addAlreadyExistProduct()'><b>tc15_addAlreadyExistProduct</b><br>Test class: tests.SearchAndAddProductsTest</td>
<td><div><pre>java.lang.AssertionError: expected [2] but found [1]
	at tests.SearchAndAddProductsTest.tc15_addAlreadyExistProduct(SearchAndAddProductsTest.java:92)
	at java.util.ArrayList.forEach(ArrayList.java:1257)
... Removed 33 stack frames</pre></div><a href='#' onClick='toggleBox("stack-trace101397436", this, "Click to show all stack frames", "Click to hide stack frames")'>Click to show all stack frames</a>
<div class='stack-trace' id='stack-trace101397436'><pre>java.lang.AssertionError: expected [2] but found [1]
	at org.testng.Assert.fail(Assert.java:99)
	at org.testng.Assert.failNotEquals(Assert.java:1037)
	at org.testng.Assert.assertEqualsImpl(Assert.java:140)
	at org.testng.Assert.assertEquals(Assert.java:122)
	at org.testng.Assert.assertEquals(Assert.java:907)
	at org.testng.Assert.assertEquals(Assert.java:917)
	at tests.SearchAndAddProductsTest.tc15_addAlreadyExistProduct(SearchAndAddProductsTest.java:92)
	at sun.reflect.NativeMethodAccessorImpl.invoke0(Native Method)
	at sun.reflect.NativeMethodAccessorImpl.invoke(NativeMethodAccessorImpl.java:62)
	at sun.reflect.DelegatingMethodAccessorImpl.invoke(DelegatingMethodAccessorImpl.java:43)
	at java.lang.reflect.Method.invoke(Method.java:498)
	at org.testng.internal.MethodInvocationHelper.invokeMethod(MethodInvocationHelper.java:133)
	at org.testng.internal.TestInvoker.invokeMethod(TestInvoker.java:598)
	at org.testng.internal.TestInvoker.invokeTestMethod(TestInvoker.java:173)
	at org.testng.internal.MethodRunner.runInSequence(MethodRunner.java:46)
	at org.testng.internal.TestInvoker$MethodInvocationAgent.invoke(TestInvoker.java:824)
	at org.testng.internal.TestInvoker.invokeTestMethods(TestInvoker.java:146)
	at org.testng.internal.TestMethodWorker.invokeTestMethods(TestMethodWorker.java:146)
	at org.testng.internal.TestMethodWorker.run(TestMethodWorker.java:128)
	at java.util.ArrayList.forEach(ArrayList.java:1257)
	at org.testng.TestRunner.privateRun(TestRunner.java:794)
	at org.testng.TestRunner.run(TestRunner.java:596)
	at org.testng.SuiteRunner.runTest(SuiteRunner.java:377)
	at org.testng.SuiteRunner.runSequentially(SuiteRunner.java:371)
	at org.testng.SuiteRunner.privateRun(SuiteRunner.java:332)
	at org.testng.SuiteRunner.run(SuiteRunner.java:276)
	at org.testng.SuiteRunnerWorker.runSuite(SuiteRunnerWorker.java:53)
	at org.testng.SuiteRunnerWorker.run(SuiteRunnerWorker.java:96)
	at org.testng.TestNG.runSuitesSequentially(TestNG.java:1212)
	at org.testng.TestNG.runSuitesLocally(TestNG.java:1134)
	at org.testng.TestNG.runSuites(TestNG.java:1063)
	at org.testng.TestNG.run(TestNG.java:1031)
	at org.testng.remote.AbstractRemoteTestNG.run(AbstractRemoteTestNG.java:115)
	at org.testng.remote.RemoteTestNG.initAndRun(RemoteTestNG.java:251)
	at org.testng.remote.RemoteTestNG.main(RemoteTestNG.java:77)
</pre></div></td>
<td>32</td>
<td>tests.SearchAndAddProductsTest@306279ee</td></tr>
</table><p>
<table width='100%' border='1' class='invocation-passed'>
<tr><td colspan='4' align='center'><b>PASSED TESTS</b></td></tr>
<tr><td><b>Test method</b></td>
<td width="30%"><b>Exception</b></td>
<td width="10%"><b>Time (seconds)</b></td>
<td><b>Instance</b></td>
</tr>
<tr>
<td title='tests.ProductDetailsPagesTest.tc08_tc09_tc10_productDetails()'><b>tc08_tc09_tc10_productDetails</b><br>Test class: tests.ProductDetailsPagesTest<br>Parameters: frozen goods, frozen breakfast, frozen buttermilk waffles, frozen</td>
<td></td>
<td>21</td>
<td>tests.ProductDetailsPagesTest@481a15ff</td></tr>
<tr>
<td title='tests.FooterLinksTest.tc021_giftCardTermsAndConditions()'><b>tc021_giftCardTermsAndConditions</b><br>Test class: tests.FooterLinksTest</td>
<td></td>
<td>4</td>
<td>tests.FooterLinksTest@77846d2c</td></tr>
<tr>
<td title='tests.SearchStoreTest.tc24_tc25_searchStore()'><b>tc24_tc25_searchStore</b><br>Test class: tests.SearchStoreTest<br>Parameters: new york, 50, </td>
<td></td>
<td>41</td>
<td>tests.SearchStoreTest@4cf4d528</td></tr>
<tr>
<td title='tests.SignInTest.tc02_signInInvalidMail()'><b>tc02_signInInvalidMail</b><br>Test class: tests.SignInTest</td>
<td></td>
<td>3</td>
<td>tests.SignInTest@67b467e9</td></tr>
<tr>
<td title='tests.ShoppingListsTest.tc19_updateIncorrectQuantity()'><b>tc19_updateIncorrectQuantity</b><br>Test class: tests.ShoppingListsTest</td>
<td></td>
<td>10</td>
<td>tests.ShoppingListsTest@545997b1</td></tr>
<tr>
<td title='tests.SignInTest.tc01_signInWrongDetails()'><b>tc01_signInWrongDetails</b><br>Test class: tests.SignInTest</td>
<td></td>
<td>16</td>
<td>tests.SignInTest@67b467e9</td></tr>
<tr>
<td title='tests.ShoppingListsTest.tc20_deleteProduct()'><b>tc20_deleteProduct</b><br>Test class: tests.ShoppingListsTest</td>
<td></td>
<td>17</td>
<td>tests.ShoppingListsTest@545997b1</td></tr>
<tr>
<td title='tests.SignInTest.tc03_signInRightDetails()'><b>tc03_signInRightDetails</b><br>Test class: tests.SignInTest</td>
<td></td>
<td>6</td>
<td>tests.SignInTest@67b467e9</td></tr>
<tr>
<td title='tests.SearchStoreTest.tc24_tc25_searchStore()'><b>tc24_tc25_searchStore</b><br>Test class: tests.SearchStoreTest<br>Parameters: tel aviv, 0, sorry, we couldn't find any nearby stores.</td>
<td></td>
<td>10</td>
<td>tests.SearchStoreTest@4cf4d528</td></tr>
<tr>
<td title='tests.FooterLinksTest.tc020_termsOfUse()'><b>tc020_termsOfUse</b><br>Test class: tests.FooterLinksTest</td>
<td></td>
<td>4</td>
<td>tests.FooterLinksTest@77846d2c</td></tr>
<tr>
<td title='tests.CategoriesTest.tc07_toatlProductsInSubCategory()'><b>tc07_toatlProductsInSubCategory</b><br>Test class: tests.CategoriesTest</td>
<td></td>
<td>9</td>
<td>tests.CategoriesTest@646007f4</td></tr>
<tr>
<td title='tests.CategoriesTest.tc04_tc05_tc06_openCategory()'><b>tc04_tc05_tc06_openCategory</b><br>Test class: tests.CategoriesTest<br>Parameters: pantry, 18</td>
<td></td>
<td>19</td>
<td>tests.CategoriesTest@646007f4</td></tr>
<tr>
<td title='tests.SearchAndAddProductsTest.tc12_tc13_tc14_addNewRegularProduct()'><b>tc12_tc13_tc14_addNewRegularProduct</b><br>Test class: tests.SearchAndAddProductsTest<br>Parameters: fresh produce, fresh fruits, bananas, list1</td>
<td></td>
<td>40</td>
<td>tests.SearchAndAddProductsTest@306279ee</td></tr>
<tr>
<td title='tests.ShoppingListsTest.tc22_deleteList()'><b>tc22_deleteList</b><br>Test class: tests.ShoppingListsTest</td>
<td></td>
<td>11</td>
<td>tests.ShoppingListsTest@545997b1</td></tr>
<tr>
<td title='tests.CategoriesTest.tc04_tc05_tc06_openCategory()'><b>tc04_tc05_tc06_openCategory</b><br>Test class: tests.CategoriesTest<br>Parameters: bakery, 6</td>
<td></td>
<td>8</td>
<td>tests.CategoriesTest@646007f4</td></tr>
<tr>
<td title='tests.ShoppingListsTest.tc21_deleteAllProducts()'><b>tc21_deleteAllProducts</b><br>Test class: tests.ShoppingListsTest</td>
<td></td>
<td>21</td>
<td>tests.ShoppingListsTest@545997b1</td></tr>
<tr>
<td title='tests.SearchAndAddProductsTest.tc16_addMultipleTypesProduct()'><b>tc16_addMultipleTypesProduct</b><br>Test class: tests.SearchAndAddProductsTest</td>
<td></td>
<td>49</td>
<td>tests.SearchAndAddProductsTest@306279ee</td></tr>
<tr>
<td title='tests.ShoppingListsTest.tc18_updateQuantity()'><b>tc18_updateQuantity</b><br>Test class: tests.ShoppingListsTest</td>
<td></td>
<td>28</td>
<td>tests.ShoppingListsTest@545997b1</td></tr>
<tr>
<td title='tests.CategoriesTest.tc04_tc05_tc06_openCategory()'><b>tc04_tc05_tc06_openCategory</b><br>Test class: tests.CategoriesTest<br>Parameters: dairy, 8</td>
<td></td>
<td>21</td>
<td>tests.CategoriesTest@646007f4</td></tr>
<tr>
<td title='tests.SearchAndAddProductsTest.tc12_tc13_tc14_addNewRegularProduct()'><b>tc12_tc13_tc14_addNewRegularProduct</b><br>Test class: tests.SearchAndAddProductsTest<br>Parameters: pantry, chocolate & candy, dark chocolate, list1</td>
<td></td>
<td>48</td>
<td>tests.SearchAndAddProductsTest@306279ee</td></tr>
<tr>
<td title='tests.SearchAndAddProductsTest.tc12_tc13_tc14_addNewRegularProduct()'><b>tc12_tc13_tc14_addNewRegularProduct</b><br>Test class: tests.SearchAndAddProductsTest<br>Parameters: bakery, rolls & bagels, crustini roll, list1</td>
<td></td>
<td>31</td>
<td>tests.SearchAndAddProductsTest@306279ee</td></tr>
<tr>
<td title='tests.ProductDetailsPagesTest.tc08_tc09_tc10_productDetails()'><b>tc08_tc09_tc10_productDetails</b><br>Test class: tests.ProductDetailsPagesTest<br>Parameters: wine, imported wine, cabernet sauvignon chile, wine</td>
<td></td>
<td>23</td>
<td>tests.ProductDetailsPagesTest@481a15ff</td></tr>
<tr>
<td title='tests.ShoppingListsTest.tc23_addNewList()'><b>tc23_addNewList</b><br>Test class: tests.ShoppingListsTest</td>
<td></td>
<td>8</td>
<td>tests.ShoppingListsTest@545997b1</td></tr>
<tr>
<td title='tests.SearchAndAddProductsTest.tc17_addMultipleTypesProduct()'><b>tc17_addMultipleTypesProduct</b><br>Test class: tests.SearchAndAddProductsTest</td>
<td></td>
<td>36</td>
<td>tests.SearchAndAddProductsTest@306279ee</td></tr>
<tr>
<td title='tests.ProductDetailsPagesTest.tc08_tc09_tc10_productDetails()'><b>tc08_tc09_tc10_productDetails</b><br>Test class: tests.ProductDetailsPagesTest<br>Parameters: household essentials, paper & plastics, ultra soft bath tissue, paper</td>
<td></td>
<td>35</td>
<td>tests.ProductDetailsPagesTest@481a15ff</td></tr>
<tr>
<td title='tests.SearchAndAddProductsTest.tc11_AddProductFromSearch()'><b>tc11_AddProductFromSearch</b><br>Test class: tests.SearchAndAddProductsTest</td>
<td></td>
<td>39</td>
<td>tests.SearchAndAddProductsTest@306279ee</td></tr>
</table><p>
</body>
</html>